"AXISBANK","778.883","BSE"
"INDUSINDBK","1609.93","BSE"
"BHARTIARTL","344.061","BSE"
"IOC","158.395","BSE"
"TATASTEEL","464.535","BSE"
"HINDUNILVR","1752.262","BSE"
"HDFC","2124.971","BSE"
"INFY","702.857","BSE"
"ADANIPORTS","408.191","BSE"
"SUNPHARMA","417.802","BSE"
"BAJFINANCE","3402.216","BSE"
"POWERGRID","185.809","BSE"
"BRITANNIA","2844.497","BSE"
"COALINDIA","242.905","BSE"
"SBIN","344.036","BSE"
"HCLTECH","1071.728","BSE"
"BHARTIARTL","339.244","NSE"
"BAJAJ-AUTO","3064.151","BSE"
"IOC","158.23","NSE"
"M&M","645.191","BSE"
"TATASTEEL","464.84","NSE"
"CIPLA","568.854","BSE"
"HINDUNILVR","1753.501","NSE"
"RELIANCE","1351.492","BSE"
"HDFC","2124.398","NSE"
"HDFCBANK","2359.505","BSE"
"INFY","700.484","NSE"
"IBULHSGFIN","794.151","BSE"
"ADANIPORTS","407.096","NSE"
"ASIANPAINT","1390.572","BSE"
"SUNPHARMA","418.904","NSE"
"GAIL","337.83","BSE"
"BPCL","395.08","NSE"
"TITAN","1221.977","NSE"
"INFRATEL","273.517","NSE"
"UPL","1014.032","NSE"
"TECHM","749.202","NSE"
"WIPRO","283.695","NSE"
"LT","1492.614","NSE"
"VEDL","158.111","NSE"
"BAJAJFINSV","8011.92","NSE"
"JSWSTEEL","281.57","NSE"
"DRREDDY","2649.953","NSE"
"ITC","291.078","NSE"
"YESBANK","141.883","NSE"
"ICICIBANK","414.879","NSE"
"NTPC","131.872","NSE"
"ONGC","174.835","NSE"
"TCS","2070.736","NSE"
"MARUTI","6964.848","NSE"
"AXISBANK","779.159","NSE"
"INDUSINDBK","1608.853","NSE"
"EICHERMOT","20549.048","NSE"
"BHARTIARTL","341.03","MSE"
"GRASIM","893.637","NSE"
"IOC","157.563","MSE"
"HINDALCO","193.636","NSE"
"TATASTEEL","465.746","MSE"
"ZEEL","360.814","NSE"
"HINDUNILVR","1753.581","MSE"
"KOTAKBANK","1513.093","NSE"
"HDFC","2123.719","MSE"
"TATAMOTORS","176.136","NSE"
"INFY","703.536","MSE"
"HEROMOTOCO","2751.954","NSE"
"ADANIPORTS","408.532","MSE"
"ULTRACEMCO","4718.695","NSE"
"SUNPHARMA","415.213","MSE"
"BAJFINANCE","3400.037","NSE"
"BPCL","395.065","MSE"
"POWERGRID","184.388","NSE"
"TITAN","1220.918","MSE"
"BRITANNIA","2842.568","NSE"
"INFRATEL","272.268","MSE"
"COALINDIA","246.129","NSE"
"UPL","1016.65","MSE"
"SBIN","343.898","NSE"
"TECHM","749.751","MSE"
"HCLTECH","1072.188","NSE"
"WIPRO","283.625","MSE"
"BAJAJ-AUTO","3065.035","NSE"
"LT","1493.165","MSE"
"M&M","643.631","NSE"
"VEDL","159.179","MSE"
"CIPLA","570.55","NSE"
"BAJAJFINSV","8012.196","MSE"
"RELIANCE","1350.032","NSE"
"JSWSTEEL","279.507","MSE"
"HDFCBANK","2359.815","NSE"
"DRREDDY","2649.021","MSE"
"IBULHSGFIN","793.451","NSE"
"ITC","293.158","MSE"
"ASIANPAINT","1392.791","NSE"
"YESBANK","140.545","MSE"
"GAIL","337.564","NSE"
"ICICIBANK","414.89","MSE"
"NTPC","130.571","MSE"
"ONGC","173.395","MSE"
"TCS","2070.447","MSE"
"MARUTI","6965.274","MSE"
"AXISBANK","778.658","MSE"
"INDUSINDBK","1606.188","MSE"
"EICHERMOT","20552.174","MSE"
"GRASIM","892.43","MSE"
"HINDALCO","194.894","MSE"
"ZEEL","360.763","MSE"
"KOTAKBANK","1510.625","MSE"
"TATAMOTORS","176.915","MSE"
"HEROMOTOCO","2752.688","MSE"
"ULTRACEMCO","4718.932","MSE"
"BAJFINANCE","3399.45","MSE"
"POWERGRID","187.991","MSE"
"BRITANNIA","2844.339","MSE"
"COALINDIA","242.067","MSE"
"SBIN","345.838","MSE"
"HCLTECH","1069.867","MSE"
"BAJAJ-AUTO","3065.645","MSE"
"M&M","644.207","MSE"
"CIPLA","565","MSE"
"RELIANCE","1347.443","MSE"
"HDFCBANK","2361.138","MSE"
"IBULHSGFIN","792.722","MSE"
"ASIANPAINT","1391.135","MSE"
"GAIL","337.817","MSE"
"BHARTIARTL","341.351","BSE"
"IOC","155.888","BSE"
"TATASTEEL","466.517","BSE"
"HINDUNILVR","1753.486","BSE"
"HDFC","2131.521","BSE"
"INFY","699.7","BSE"
"ADANIPORTS","407.423","BSE"
"SUNPHARMA","414.934","BSE"
"BPCL","396.77","BSE"
"TITAN","1218.739","BSE"
"INFRATEL","273.86","BSE"
"UPL","1013.995","BSE"
"TECHM","749.861","BSE"
"WIPRO","282.804","BSE"
"LT","1493.718","BSE"
"VEDL","159.372","BSE"
"BAJAJFINSV","8012.314","BSE"
"JSWSTEEL","279.789","BSE"
"DRREDDY","2649.601","BSE"
"ITC","291.109","BSE"
"YESBANK","139.687","BSE"
"ICICIBANK","417.738","BSE"
"NTPC","131.202","BSE"
"ONGC","173.405","BSE"
"TCS","2070.552","BSE"
"MARUTI","6965.378","BSE"
"AXISBANK","780.214","BSE"
"INDUSINDBK","1607.328","BSE"
"EICHERMOT","20548.993","BSE"
"GRASIM","892.808","BSE"
"HINDALCO","193.994","BSE"
"ZEEL","359.606","BSE"
"KOTAKBANK","1508.436","BSE"
"TATAMOTORS","177.606","BSE"
"HEROMOTOCO","2752.131","BSE"
"ULTRACEMCO","4719.809","BSE"
"BAJFINANCE","3401.671","BSE"
"POWERGRID","186.046","BSE"
"BRITANNIA","2845.198","BSE"
"COALINDIA","243.927","BSE"
"SBIN","344.07","BSE"
"HCLTECH","1070.823","BSE"
"BHARTIARTL","340.378","NSE"
"BAJAJ-AUTO","3063.173","BSE"
"IOC","158.892","NSE"
"M&M","644.51","BSE"
"TATASTEEL","464.117","NSE"
"CIPLA","569.283","BSE"
"HINDUNILVR","1752.766","NSE"
"RELIANCE","1347.839","BSE"
"HDFC","2124.755","NSE"
"HDFCBANK","2360.474","BSE"
"INFY","700.442","NSE"
"IBULHSGFIN","791.223","BSE"
"ADANIPORTS","408.455","NSE"
"ASIANPAINT","1391.151","BSE"
"SUNPHARMA","417.948","NSE"
"GAIL","337.344","BSE"
"BPCL","395.618","NSE"
"TITAN","1222.128","NSE"
"INFRATEL","274.419","NSE"
"UPL","1014.837","NSE"
"TECHM","750.097","NSE"
"WIPRO","283.421","NSE"
"LT","1492.945","NSE"
"VEDL","158.021","NSE"
"BAJAJFINSV","8011.361","NSE"
"JSWSTEEL","282.452","NSE"
"DRREDDY","2649.872","NSE"
"ITC","291.253","NSE"
"YESBANK","141.891","NSE"
"ICICIBANK","414.228","NSE"
"NTPC","130.448","NSE"
"ONGC","173.76","NSE"
"TCS","2069.851","NSE"
"MARUTI","6965.228","NSE"
"AXISBANK","779.973","NSE"
"INDUSINDBK","1608.228","NSE"
"EICHERMOT","20548.174","NSE"
"BHARTIARTL","340.283","MSE"
"GRASIM","893.07","NSE"
"IOC","158.139","MSE"
"HINDALCO","194.175","NSE"
"TATASTEEL","464.916","MSE"
"ZEEL","359.953","NSE"
"HINDUNILVR","1753.886","MSE"
"KOTAKBANK","1513.891","NSE"
"HDFC","2122.747","MSE"
"TATAMOTORS","175.148","NSE"
"INFY","703.625","MSE"
"HEROMOTOCO","2751.748","NSE"
"ADANIPORTS","409.279","MSE"
"ULTRACEMCO","4719.411","NSE"
"SUNPHARMA","414.713","MSE"
"BAJFINANCE","3399.376","NSE"
"BPCL","394.858","MSE"
"POWERGRID","185.289","NSE"
"TITAN","1221.16","MSE"
"BRITANNIA","2841.826","NSE"
"INFRATEL","271.587","MSE"
"COALINDIA","245.687","NSE"
"UPL","1015.866","MSE"
"SBIN","342.98","NSE"
"TECHM","749.15","MSE"
"HCLTECH","1072.155","NSE"
"WIPRO","284.895","MSE"
"BAJAJ-AUTO","3064.239","NSE"
"LT","1492.846","MSE"
"M&M","643.801","NSE"
"VEDL","158.556","MSE"
"CIPLA","570.436","NSE"
"BAJAJFINSV","8012.175","MSE"
"RELIANCE","1349.536","NSE"
"JSWSTEEL","278.804","MSE"
"HDFCBANK","2359.383","NSE"
"DRREDDY","2648.172","MSE"
"IBULHSGFIN","794.293","NSE"
"ITC","291.91","MSE"
"ASIANPAINT","1392.564","NSE"
"YESBANK","139.999","MSE"
"GAIL","338.373","NSE"
"ICICIBANK","414.327","MSE"
"NTPC","131.558","MSE"
"ONGC","174.376","MSE"
"TCS","2070.061","MSE"
"MARUTI","6965.789","MSE"
"AXISBANK","778.7","MSE"
"INDUSINDBK","1606.738","MSE"
"EICHERMOT","20552.36","MSE"
"GRASIM","891.588","MSE"
"HINDALCO","195.224","MSE"
"ZEEL","360.692","MSE"
"KOTAKBANK","1510.246","MSE"
"TATAMOTORS","177.878","MSE"
"HEROMOTOCO","2753.452","MSE"
"ULTRACEMCO","4719.222","MSE"
"BAJFINANCE","3399.555","MSE"
"POWERGRID","187.233","MSE"
"BRITANNIA","2844.066","MSE"
"COALINDIA","241.296","MSE"
"SBIN","345.399","MSE"
"HCLTECH","1069.283","MSE"
"BAJAJ-AUTO","3066.037","MSE"
"M&M","644.212","MSE"
"CIPLA","564.621","MSE"
"RELIANCE","1348.364","MSE"
"HDFCBANK","2361.039","MSE"
"IBULHSGFIN","792.741","MSE"
"ASIANPAINT","1391.557","MSE"
"GAIL","337.894","MSE"
"BHARTIARTL","341.239","BSE"
"IOC","158.312","BSE"
"TATASTEEL","466.797","BSE"
"HINDUNILVR","1753.893","BSE"
"HDFC","2130.79","BSE"
"INFY","699.51","BSE"
"ADANIPORTS","407.032","BSE"
"SUNPHARMA","414.457","BSE"
"BPCL","395.89","BSE"
"TITAN","1221.799","BSE"
"INFRATEL","273.315","BSE"
"UPL","1014.171","BSE"
"TECHM","749.784","BSE"
"WIPRO","282.284","BSE"
"LT","1494.319","BSE"
"VEDL","160.362","BSE"
"BAJAJFINSV","8012.043","BSE"
"JSWSTEEL","279.751","BSE"
"DRREDDY","2650.152","BSE"
"ITC","290.152","BSE"
"YESBANK","139.501","BSE"
"ICICIBANK","418.529","BSE"
"NTPC","131.347","BSE"
"ONGC","173.209","BSE"
"TCS","2070.265","BSE"
"MARUTI","6965.832","BSE"
"AXISBANK","778.532","BSE"
"INDUSINDBK","1606.704","BSE"
"EICHERMOT","20549.99","BSE"
"GRASIM","892.94","BSE"
"HINDALCO","194.072","BSE"
"ZEEL","360.004","BSE"
"KOTAKBANK","1507.7","BSE"
"TATAMOTORS","178.214","BSE"
"HEROMOTOCO","2752","BSE"
"ULTRACEMCO","4719.996","BSE"
"BAJFINANCE","3402.281","BSE"
"POWERGRID","187.03","BSE"
"BRITANNIA","2844.27","BSE"
"COALINDIA","243.972","BSE"
"SBIN","345.004","BSE"
"HCLTECH","1070.435","BSE"
"BHARTIARTL","339.838","NSE"
"BAJAJ-AUTO","3065.113","BSE"
"IOC","159.53","NSE"
"M&M","644.936","BSE"
"TATASTEEL","464.569","NSE"
"CIPLA","569.7","BSE"
"HINDUNILVR","1752.203","NSE"
"RELIANCE","1347.331","BSE"
"HDFC","2125.201","NSE"
"HDFCBANK","2360.177","BSE"
"INFY","700.744","NSE"
"IBULHSGFIN","790.257","BSE"
"ADANIPORTS","407.537","NSE"
"ASIANPAINT","1390.48","BSE"
